2019-01-05 13:52:00 Notice: Notice (1024): Please change the value of 'Security.salt' in ROOT/config/app.php to a salt value specific to your application. in [C:\xampp\htdocs\apps\aulaCakePHP\vendor\cakephp\cakephp\src\Error\Debugger.php, line 963]
Request URL: /
Referer URL: https://localhost/apps/
Trace:
Cake\Error\BaseErrorHandler::handleError() - CORE\src\Error\BaseErrorHandler.php, line 159
Cake\Core\BasePlugin::{closure}() - ROOT\vendor\cakephp\debug_kit\config\bootstrap.php, line 42
Cake\Error\Debugger::checkSecurityKeys() - CORE\src\Error\Debugger.php, line 963
include - APP/Template\Pages\home.ctp, line 70
Cake\View\View::_evaluate() - CORE\src\View\View.php, line 1240
Cake\View\View::_render() - CORE\src\View\View.php, line 1201
Cake\View\View::render() - CORE\src\View\View.php, line 803
Cake\Controller\Controller::render() - CORE\src\Controller\Controller.php, line 790
App\Controller\PagesController::display() - APP/Controller\PagesController.php, line 61
Cake\Controller\Controller::invokeAction() - CORE\src\Controller\Controller.php, line 609
Cake\Http\ActionDispatcher::_invoke() - CORE\src\Http\ActionDispatcher.php, line 120
Cake\Http\ActionDispatcher::dispatch() - CORE\src\Http\ActionDispatcher.php, line 94
Cake\Http\BaseApplication::__invoke() - CORE\src\Http\BaseApplication.php, line 235
Cake\Http\Runner::__invoke() - CORE\src\Http\Runner.php, line 65
Cake\Http\Runner::__invoke() - CORE\src\Http\Runner.php, line 65
Cake\Http\Middleware\CsrfProtectionMiddleware::__invoke() - CORE\src\Http\Middleware\CsrfProtectionMiddleware.php, line 103
Cake\Http\Runner::__invoke() - CORE\src\Http\Runner.php, line 65
Cake\Http\Runner::run() - CORE\src\Http\Runner.php, line 51
Cake\Routing\Middleware\RoutingMiddleware::__invoke() - CORE\src\Routing\Middleware\RoutingMiddleware.php, line 162
Cake\Http\Runner::__invoke() - CORE\src\Http\Runner.php, line 65
Cake\Routing\Middleware\AssetMiddleware::__invoke() - CORE\src\Routing\Middleware\AssetMiddleware.php, line 88
Cake\Http\Runner::__invoke() - CORE\src\Http\Runner.php, line 65
Cake\Error\Middleware\ErrorHandlerMiddleware::__invoke() - CORE\src\Error\Middleware\ErrorHandlerMiddleware.php, line 98
Cake\Http\Runner::__invoke() - CORE\src\Http\Runner.php, line 65
DebugKit\Middleware\DebugKitMiddleware::__invoke() - ROOT\vendor\cakephp\debug_kit\src\Middleware\DebugKitMiddleware.php, line 53
Cake\Http\Runner::__invoke() - CORE\src\Http\Runner.php, line 65
Cake\Http\Runner::run() - CORE\src\Http\Runner.php, line 51
Cake\Http\Server::run() - CORE\src\Http\Server.php, line 98
[main] - ROOT\webroot\index.php, line 40



2019-01-05 14:27:00 Notice: Notice (1024): Please change the value of 'Security.salt' in ROOT/config/app.php to a salt value specific to your application. in [C:\xampp\htdocs\apps\aulaCakePHP\vendor\cakephp\cakephp\src\Error\Debugger.php, line 963]
Request URL: /
Trace:
Cake\Error\BaseErrorHandler::handleError() - CORE\src\Error\BaseErrorHandler.php, line 159
Cake\Core\BasePlugin::{closure}() - ROOT\vendor\cakephp\debug_kit\config\bootstrap.php, line 42
Cake\Error\Debugger::checkSecurityKeys() - CORE\src\Error\Debugger.php, line 963
include - APP/Template\Pages\home.ctp, line 70
Cake\View\View::_evaluate() - CORE\src\View\View.php, line 1240
Cake\View\View::_render() - CORE\src\View\View.php, line 1201
Cake\View\View::render() - CORE\src\View\View.php, line 803
Cake\Controller\Controller::render() - CORE\src\Controller\Controller.php, line 790
App\Controller\PagesController::display() - APP/Controller\PagesController.php, line 61
Cake\Controller\Controller::invokeAction() - CORE\src\Controller\Controller.php, line 609
Cake\Http\ActionDispatcher::_invoke() - CORE\src\Http\ActionDispatcher.php, line 120
Cake\Http\ActionDispatcher::dispatch() - CORE\src\Http\ActionDispatcher.php, line 94
Cake\Http\BaseApplication::__invoke() - CORE\src\Http\BaseApplication.php, line 235
Cake\Http\Runner::__invoke() - CORE\src\Http\Runner.php, line 65
Cake\Http\Runner::__invoke() - CORE\src\Http\Runner.php, line 65
Cake\Http\Middleware\CsrfProtectionMiddleware::__invoke() - CORE\src\Http\Middleware\CsrfProtectionMiddleware.php, line 103
Cake\Http\Runner::__invoke() - CORE\src\Http\Runner.php, line 65
Cake\Http\Runner::run() - CORE\src\Http\Runner.php, line 51
Cake\Routing\Middleware\RoutingMiddleware::__invoke() - CORE\src\Routing\Middleware\RoutingMiddleware.php, line 162
Cake\Http\Runner::__invoke() - CORE\src\Http\Runner.php, line 65
Cake\Routing\Middleware\AssetMiddleware::__invoke() - CORE\src\Routing\Middleware\AssetMiddleware.php, line 88
Cake\Http\Runner::__invoke() - CORE\src\Http\Runner.php, line 65
Cake\Error\Middleware\ErrorHandlerMiddleware::__invoke() - CORE\src\Error\Middleware\ErrorHandlerMiddleware.php, line 98
Cake\Http\Runner::__invoke() - CORE\src\Http\Runner.php, line 65
DebugKit\Middleware\DebugKitMiddleware::__invoke() - ROOT\vendor\cakephp\debug_kit\src\Middleware\DebugKitMiddleware.php, line 53
Cake\Http\Runner::__invoke() - CORE\src\Http\Runner.php, line 65
Cake\Http\Runner::run() - CORE\src\Http\Runner.php, line 51
Cake\Http\Server::run() - CORE\src\Http\Server.php, line 98
[main] - ROOT\webroot\index.php, line 40



2019-01-09 11:21:33 Notice: Notice (1024): Please change the value of 'Security.salt' in ROOT/config/app.php to a salt value specific to your application. in [C:\xampp\htdocs\apps\aulaCakePHP\vendor\cakephp\cakephp\src\Error\Debugger.php, line 963]
Request URL: /
Referer URL: https://localhost/apps/
Trace:
Cake\Error\BaseErrorHandler::handleError() - CORE\src\Error\BaseErrorHandler.php, line 159
Cake\Core\BasePlugin::{closure}() - ROOT\vendor\cakephp\debug_kit\config\bootstrap.php, line 42
Cake\Error\Debugger::checkSecurityKeys() - CORE\src\Error\Debugger.php, line 963
include - APP/Template\Pages\home.ctp, line 70
Cake\View\View::_evaluate() - CORE\src\View\View.php, line 1240
Cake\View\View::_render() - CORE\src\View\View.php, line 1201
Cake\View\View::render() - CORE\src\View\View.php, line 803
Cake\Controller\Controller::render() - CORE\src\Controller\Controller.php, line 790
App\Controller\PagesController::display() - APP/Controller\PagesController.php, line 61
Cake\Controller\Controller::invokeAction() - CORE\src\Controller\Controller.php, line 609
Cake\Http\ActionDispatcher::_invoke() - CORE\src\Http\ActionDispatcher.php, line 120
Cake\Http\ActionDispatcher::dispatch() - CORE\src\Http\ActionDispatcher.php, line 94
Cake\Http\BaseApplication::__invoke() - CORE\src\Http\BaseApplication.php, line 235
Cake\Http\Runner::__invoke() - CORE\src\Http\Runner.php, line 65
Cake\Http\Runner::__invoke() - CORE\src\Http\Runner.php, line 65
Cake\Http\Middleware\CsrfProtectionMiddleware::__invoke() - CORE\src\Http\Middleware\CsrfProtectionMiddleware.php, line 103
Cake\Http\Runner::__invoke() - CORE\src\Http\Runner.php, line 65
Cake\Http\Runner::run() - CORE\src\Http\Runner.php, line 51
Cake\Routing\Middleware\RoutingMiddleware::__invoke() - CORE\src\Routing\Middleware\RoutingMiddleware.php, line 162
Cake\Http\Runner::__invoke() - CORE\src\Http\Runner.php, line 65
Cake\Routing\Middleware\AssetMiddleware::__invoke() - CORE\src\Routing\Middleware\AssetMiddleware.php, line 88
Cake\Http\Runner::__invoke() - CORE\src\Http\Runner.php, line 65
Cake\Error\Middleware\ErrorHandlerMiddleware::__invoke() - CORE\src\Error\Middleware\ErrorHandlerMiddleware.php, line 98
Cake\Http\Runner::__invoke() - CORE\src\Http\Runner.php, line 65
DebugKit\Middleware\DebugKitMiddleware::__invoke() - ROOT\vendor\cakephp\debug_kit\src\Middleware\DebugKitMiddleware.php, line 53
Cake\Http\Runner::__invoke() - CORE\src\Http\Runner.php, line 65
Cake\Http\Runner::run() - CORE\src\Http\Runner.php, line 51
Cake\Http\Server::run() - CORE\src\Http\Server.php, line 98
[main] - ROOT\webroot\index.php, line 40



2019-01-12 10:34:26 Notice: Notice (1024): Please change the value of 'Security.salt' in ROOT/config/app.php to a salt value specific to your application. in [C:\xampp\htdocs\apps\aulaCakePHP\vendor\cakephp\cakephp\src\Error\Debugger.php, line 963]
Request URL: /
Referer URL: https://localhost/apps/
Trace:
Cake\Error\BaseErrorHandler::handleError() - CORE\src\Error\BaseErrorHandler.php, line 159
Cake\Core\BasePlugin::{closure}() - ROOT\vendor\cakephp\debug_kit\config\bootstrap.php, line 42
Cake\Error\Debugger::checkSecurityKeys() - CORE\src\Error\Debugger.php, line 963
include - APP/Template\Pages\home.ctp, line 70
Cake\View\View::_evaluate() - CORE\src\View\View.php, line 1240
Cake\View\View::_render() - CORE\src\View\View.php, line 1201
Cake\View\View::render() - CORE\src\View\View.php, line 803
Cake\Controller\Controller::render() - CORE\src\Controller\Controller.php, line 790
App\Controller\PagesController::display() - APP/Controller\PagesController.php, line 61
Cake\Controller\Controller::invokeAction() - CORE\src\Controller\Controller.php, line 609
Cake\Http\ActionDispatcher::_invoke() - CORE\src\Http\ActionDispatcher.php, line 120
Cake\Http\ActionDispatcher::dispatch() - CORE\src\Http\ActionDispatcher.php, line 94
Cake\Http\BaseApplication::__invoke() - CORE\src\Http\BaseApplication.php, line 235
Cake\Http\Runner::__invoke() - CORE\src\Http\Runner.php, line 65
Cake\Http\Runner::__invoke() - CORE\src\Http\Runner.php, line 65
Cake\Http\Middleware\CsrfProtectionMiddleware::__invoke() - CORE\src\Http\Middleware\CsrfProtectionMiddleware.php, line 103
Cake\Http\Runner::__invoke() - CORE\src\Http\Runner.php, line 65
Cake\Http\Runner::run() - CORE\src\Http\Runner.php, line 51
Cake\Routing\Middleware\RoutingMiddleware::__invoke() - CORE\src\Routing\Middleware\RoutingMiddleware.php, line 162
Cake\Http\Runner::__invoke() - CORE\src\Http\Runner.php, line 65
Cake\Routing\Middleware\AssetMiddleware::__invoke() - CORE\src\Routing\Middleware\AssetMiddleware.php, line 88
Cake\Http\Runner::__invoke() - CORE\src\Http\Runner.php, line 65
Cake\Error\Middleware\ErrorHandlerMiddleware::__invoke() - CORE\src\Error\Middleware\ErrorHandlerMiddleware.php, line 98
Cake\Http\Runner::__invoke() - CORE\src\Http\Runner.php, line 65
DebugKit\Middleware\DebugKitMiddleware::__invoke() - ROOT\vendor\cakephp\debug_kit\src\Middleware\DebugKitMiddleware.php, line 53
Cake\Http\Runner::__invoke() - CORE\src\Http\Runner.php, line 65
Cake\Http\Runner::run() - CORE\src\Http\Runner.php, line 51
Cake\Http\Server::run() - CORE\src\Http\Server.php, line 98
[main] - ROOT\webroot\index.php, line 40



2019-01-12 12:14:28 Notice: Notice (1024): Please change the value of 'Security.salt' in ROOT/config/app.php to a salt value specific to your application. in [C:\xampp\htdocs\apps\aulaCakePHP\vendor\cakephp\cakephp\src\Error\Debugger.php, line 963]
Request URL: /
Referer URL: https://localhost/apps/
Trace:
Cake\Error\BaseErrorHandler::handleError() - CORE\src\Error\BaseErrorHandler.php, line 159
Cake\Core\BasePlugin::{closure}() - ROOT\vendor\cakephp\debug_kit\config\bootstrap.php, line 42
Cake\Error\Debugger::checkSecurityKeys() - CORE\src\Error\Debugger.php, line 963
include - APP/Template\Pages\home.ctp, line 70
Cake\View\View::_evaluate() - CORE\src\View\View.php, line 1240
Cake\View\View::_render() - CORE\src\View\View.php, line 1201
Cake\View\View::render() - CORE\src\View\View.php, line 803
Cake\Controller\Controller::render() - CORE\src\Controller\Controller.php, line 790
App\Controller\PagesController::display() - APP/Controller\PagesController.php, line 61
Cake\Controller\Controller::invokeAction() - CORE\src\Controller\Controller.php, line 609
Cake\Http\ActionDispatcher::_invoke() - CORE\src\Http\ActionDispatcher.php, line 120
Cake\Http\ActionDispatcher::dispatch() - CORE\src\Http\ActionDispatcher.php, line 94
Cake\Http\BaseApplication::__invoke() - CORE\src\Http\BaseApplication.php, line 235
Cake\Http\Runner::__invoke() - CORE\src\Http\Runner.php, line 65
Cake\Http\Runner::__invoke() - CORE\src\Http\Runner.php, line 65
Cake\Http\Middleware\CsrfProtectionMiddleware::__invoke() - CORE\src\Http\Middleware\CsrfProtectionMiddleware.php, line 107
Cake\Http\Runner::__invoke() - CORE\src\Http\Runner.php, line 65
Cake\Http\Runner::run() - CORE\src\Http\Runner.php, line 51
Cake\Routing\Middleware\RoutingMiddleware::__invoke() - CORE\src\Routing\Middleware\RoutingMiddleware.php, line 162
Cake\Http\Runner::__invoke() - CORE\src\Http\Runner.php, line 65
Cake\Routing\Middleware\AssetMiddleware::__invoke() - CORE\src\Routing\Middleware\AssetMiddleware.php, line 88
Cake\Http\Runner::__invoke() - CORE\src\Http\Runner.php, line 65
Cake\Error\Middleware\ErrorHandlerMiddleware::__invoke() - CORE\src\Error\Middleware\ErrorHandlerMiddleware.php, line 98
Cake\Http\Runner::__invoke() - CORE\src\Http\Runner.php, line 65
DebugKit\Middleware\DebugKitMiddleware::__invoke() - ROOT\vendor\cakephp\debug_kit\src\Middleware\DebugKitMiddleware.php, line 53
Cake\Http\Runner::__invoke() - CORE\src\Http\Runner.php, line 65
Cake\Http\Runner::run() - CORE\src\Http\Runner.php, line 51
Cake\Http\Server::run() - CORE\src\Http\Server.php, line 98
[main] - ROOT\webroot\index.php, line 40



2019-01-12 13:17:05 Notice: Notice (1024): Please change the value of 'Security.salt' in ROOT/config/app.php to a salt value specific to your application. in [C:\xampp\htdocs\apps\aulaCakePHP\vendor\cakephp\cakephp\src\Error\Debugger.php, line 963]
Request URL: /
Referer URL: https://localhost/apps/
Trace:
Cake\Error\BaseErrorHandler::handleError() - CORE\src\Error\BaseErrorHandler.php, line 159
Cake\Core\BasePlugin::{closure}() - ROOT\vendor\cakephp\debug_kit\config\bootstrap.php, line 42
Cake\Error\Debugger::checkSecurityKeys() - CORE\src\Error\Debugger.php, line 963
include - APP/Template\Pages\home.ctp, line 70
Cake\View\View::_evaluate() - CORE\src\View\View.php, line 1240
Cake\View\View::_render() - CORE\src\View\View.php, line 1201
Cake\View\View::render() - CORE\src\View\View.php, line 803
Cake\Controller\Controller::render() - CORE\src\Controller\Controller.php, line 790
App\Controller\PagesController::display() - APP/Controller\PagesController.php, line 61
Cake\Controller\Controller::invokeAction() - CORE\src\Controller\Controller.php, line 609
Cake\Http\ActionDispatcher::_invoke() - CORE\src\Http\ActionDispatcher.php, line 120
Cake\Http\ActionDispatcher::dispatch() - CORE\src\Http\ActionDispatcher.php, line 94
Cake\Http\BaseApplication::__invoke() - CORE\src\Http\BaseApplication.php, line 235
Cake\Http\Runner::__invoke() - CORE\src\Http\Runner.php, line 65
Cake\Http\Runner::__invoke() - CORE\src\Http\Runner.php, line 65
Cake\Http\Middleware\CsrfProtectionMiddleware::__invoke() - CORE\src\Http\Middleware\CsrfProtectionMiddleware.php, line 107
Cake\Http\Runner::__invoke() - CORE\src\Http\Runner.php, line 65
Cake\Http\Runner::run() - CORE\src\Http\Runner.php, line 51
Cake\Routing\Middleware\RoutingMiddleware::__invoke() - CORE\src\Routing\Middleware\RoutingMiddleware.php, line 162
Cake\Http\Runner::__invoke() - CORE\src\Http\Runner.php, line 65
Cake\Routing\Middleware\AssetMiddleware::__invoke() - CORE\src\Routing\Middleware\AssetMiddleware.php, line 88
Cake\Http\Runner::__invoke() - CORE\src\Http\Runner.php, line 65
Cake\Error\Middleware\ErrorHandlerMiddleware::__invoke() - CORE\src\Error\Middleware\ErrorHandlerMiddleware.php, line 98
Cake\Http\Runner::__invoke() - CORE\src\Http\Runner.php, line 65
DebugKit\Middleware\DebugKitMiddleware::__invoke() - ROOT\vendor\cakephp\debug_kit\src\Middleware\DebugKitMiddleware.php, line 53
Cake\Http\Runner::__invoke() - CORE\src\Http\Runner.php, line 65
Cake\Http\Runner::run() - CORE\src\Http\Runner.php, line 51
Cake\Http\Server::run() - CORE\src\Http\Server.php, line 98
[main] - ROOT\webroot\index.php, line 40



2019-01-12 13:18:33 Notice: Notice (1024): Please change the value of 'Security.salt' in ROOT/config/app.php to a salt value specific to your application. in [C:\xampp\htdocs\apps\aulaCakePHP\vendor\cakephp\cakephp\src\Error\Debugger.php, line 963]
Request URL: /
Referer URL: https://localhost/apps/
Trace:
Cake\Error\BaseErrorHandler::handleError() - CORE\src\Error\BaseErrorHandler.php, line 159
Cake\Core\BasePlugin::{closure}() - ROOT\vendor\cakephp\debug_kit\config\bootstrap.php, line 42
Cake\Error\Debugger::checkSecurityKeys() - CORE\src\Error\Debugger.php, line 963
include - APP/Template\Pages\home.ctp, line 70
Cake\View\View::_evaluate() - CORE\src\View\View.php, line 1240
Cake\View\View::_render() - CORE\src\View\View.php, line 1201
Cake\View\View::render() - CORE\src\View\View.php, line 803
Cake\Controller\Controller::render() - CORE\src\Controller\Controller.php, line 790
App\Controller\PagesController::display() - APP/Controller\PagesController.php, line 61
Cake\Controller\Controller::invokeAction() - CORE\src\Controller\Controller.php, line 609
Cake\Http\ActionDispatcher::_invoke() - CORE\src\Http\ActionDispatcher.php, line 120
Cake\Http\ActionDispatcher::dispatch() - CORE\src\Http\ActionDispatcher.php, line 94
Cake\Http\BaseApplication::__invoke() - CORE\src\Http\BaseApplication.php, line 235
Cake\Http\Runner::__invoke() - CORE\src\Http\Runner.php, line 65
Cake\Http\Runner::__invoke() - CORE\src\Http\Runner.php, line 65
Cake\Http\Middleware\CsrfProtectionMiddleware::__invoke() - CORE\src\Http\Middleware\CsrfProtectionMiddleware.php, line 107
Cake\Http\Runner::__invoke() - CORE\src\Http\Runner.php, line 65
Cake\Http\Runner::run() - CORE\src\Http\Runner.php, line 51
Cake\Routing\Middleware\RoutingMiddleware::__invoke() - CORE\src\Routing\Middleware\RoutingMiddleware.php, line 162
Cake\Http\Runner::__invoke() - CORE\src\Http\Runner.php, line 65
Cake\Routing\Middleware\AssetMiddleware::__invoke() - CORE\src\Routing\Middleware\AssetMiddleware.php, line 88
Cake\Http\Runner::__invoke() - CORE\src\Http\Runner.php, line 65
Cake\Error\Middleware\ErrorHandlerMiddleware::__invoke() - CORE\src\Error\Middleware\ErrorHandlerMiddleware.php, line 98
Cake\Http\Runner::__invoke() - CORE\src\Http\Runner.php, line 65
DebugKit\Middleware\DebugKitMiddleware::__invoke() - ROOT\vendor\cakephp\debug_kit\src\Middleware\DebugKitMiddleware.php, line 53
Cake\Http\Runner::__invoke() - CORE\src\Http\Runner.php, line 65
Cake\Http\Runner::run() - CORE\src\Http\Runner.php, line 51
Cake\Http\Server::run() - CORE\src\Http\Server.php, line 98
[main] - ROOT\webroot\index.php, line 40



2019-01-12 13:21:59 Notice: Notice (1024): Please change the value of 'Security.salt' in ROOT/config/app.php to a salt value specific to your application. in [C:\xampp\htdocs\apps\aulaCakePHP\vendor\cakephp\cakephp\src\Error\Debugger.php, line 963]
Request URL: /
Referer URL: https://localhost/apps/
Trace:
Cake\Error\BaseErrorHandler::handleError() - CORE\src\Error\BaseErrorHandler.php, line 159
Cake\Core\BasePlugin::{closure}() - ROOT\vendor\cakephp\debug_kit\config\bootstrap.php, line 42
Cake\Error\Debugger::checkSecurityKeys() - CORE\src\Error\Debugger.php, line 963
include - APP/Template\Pages\home.ctp, line 70
Cake\View\View::_evaluate() - CORE\src\View\View.php, line 1240
Cake\View\View::_render() - CORE\src\View\View.php, line 1201
Cake\View\View::render() - CORE\src\View\View.php, line 803
Cake\Controller\Controller::render() - CORE\src\Controller\Controller.php, line 790
App\Controller\PagesController::display() - APP/Controller\PagesController.php, line 61
Cake\Controller\Controller::invokeAction() - CORE\src\Controller\Controller.php, line 609
Cake\Http\ActionDispatcher::_invoke() - CORE\src\Http\ActionDispatcher.php, line 120
Cake\Http\ActionDispatcher::dispatch() - CORE\src\Http\ActionDispatcher.php, line 94
Cake\Http\BaseApplication::__invoke() - CORE\src\Http\BaseApplication.php, line 235
Cake\Http\Runner::__invoke() - CORE\src\Http\Runner.php, line 65
Cake\Http\Runner::__invoke() - CORE\src\Http\Runner.php, line 65
Cake\Http\Middleware\CsrfProtectionMiddleware::__invoke() - CORE\src\Http\Middleware\CsrfProtectionMiddleware.php, line 107
Cake\Http\Runner::__invoke() - CORE\src\Http\Runner.php, line 65
Cake\Http\Runner::run() - CORE\src\Http\Runner.php, line 51
Cake\Routing\Middleware\RoutingMiddleware::__invoke() - CORE\src\Routing\Middleware\RoutingMiddleware.php, line 162
Cake\Http\Runner::__invoke() - CORE\src\Http\Runner.php, line 65
Cake\Routing\Middleware\AssetMiddleware::__invoke() - CORE\src\Routing\Middleware\AssetMiddleware.php, line 88
Cake\Http\Runner::__invoke() - CORE\src\Http\Runner.php, line 65
Cake\Error\Middleware\ErrorHandlerMiddleware::__invoke() - CORE\src\Error\Middleware\ErrorHandlerMiddleware.php, line 98
Cake\Http\Runner::__invoke() - CORE\src\Http\Runner.php, line 65
DebugKit\Middleware\DebugKitMiddleware::__invoke() - ROOT\vendor\cakephp\debug_kit\src\Middleware\DebugKitMiddleware.php, line 53
Cake\Http\Runner::__invoke() - CORE\src\Http\Runner.php, line 65
Cake\Http\Runner::run() - CORE\src\Http\Runner.php, line 51
Cake\Http\Server::run() - CORE\src\Http\Server.php, line 98
[main] - ROOT\webroot\index.php, line 40



2019-01-12 14:32:54 Notice: Notice (1024): Please change the value of 'Security.salt' in ROOT/config/app.php to a salt value specific to your application. in [C:\xampp\htdocs\apps\aulaCakePHP\vendor\cakephp\cakephp\src\Error\Debugger.php, line 963]
Request URL: /
Referer URL: https://localhost/apps/
Trace:
Cake\Error\BaseErrorHandler::handleError() - CORE\src\Error\BaseErrorHandler.php, line 159
Cake\Core\BasePlugin::{closure}() - ROOT\vendor\cakephp\debug_kit\config\bootstrap.php, line 42
Cake\Error\Debugger::checkSecurityKeys() - CORE\src\Error\Debugger.php, line 963
include - APP/Template\Pages\home.ctp, line 70
Cake\View\View::_evaluate() - CORE\src\View\View.php, line 1240
Cake\View\View::_render() - CORE\src\View\View.php, line 1201
Cake\View\View::render() - CORE\src\View\View.php, line 803
Cake\Controller\Controller::render() - CORE\src\Controller\Controller.php, line 790
App\Controller\PagesController::display() - APP/Controller\PagesController.php, line 61
Cake\Controller\Controller::invokeAction() - CORE\src\Controller\Controller.php, line 609
Cake\Http\ActionDispatcher::_invoke() - CORE\src\Http\ActionDispatcher.php, line 120
Cake\Http\ActionDispatcher::dispatch() - CORE\src\Http\ActionDispatcher.php, line 94
Cake\Http\BaseApplication::__invoke() - CORE\src\Http\BaseApplication.php, line 235
Cake\Http\Runner::__invoke() - CORE\src\Http\Runner.php, line 65
Cake\Http\Runner::__invoke() - CORE\src\Http\Runner.php, line 65
Cake\Http\Middleware\CsrfProtectionMiddleware::__invoke() - CORE\src\Http\Middleware\CsrfProtectionMiddleware.php, line 107
Cake\Http\Runner::__invoke() - CORE\src\Http\Runner.php, line 65
Cake\Http\Runner::run() - CORE\src\Http\Runner.php, line 51
Cake\Routing\Middleware\RoutingMiddleware::__invoke() - CORE\src\Routing\Middleware\RoutingMiddleware.php, line 162
Cake\Http\Runner::__invoke() - CORE\src\Http\Runner.php, line 65
Cake\Routing\Middleware\AssetMiddleware::__invoke() - CORE\src\Routing\Middleware\AssetMiddleware.php, line 88
Cake\Http\Runner::__invoke() - CORE\src\Http\Runner.php, line 65
Cake\Error\Middleware\ErrorHandlerMiddleware::__invoke() - CORE\src\Error\Middleware\ErrorHandlerMiddleware.php, line 98
Cake\Http\Runner::__invoke() - CORE\src\Http\Runner.php, line 65
DebugKit\Middleware\DebugKitMiddleware::__invoke() - ROOT\vendor\cakephp\debug_kit\src\Middleware\DebugKitMiddleware.php, line 53
Cake\Http\Runner::__invoke() - CORE\src\Http\Runner.php, line 65
Cake\Http\Runner::run() - CORE\src\Http\Runner.php, line 51
Cake\Http\Server::run() - CORE\src\Http\Server.php, line 98
[main] - ROOT\webroot\index.php, line 40



2019-01-14 12:52:57 Notice: Notice (1024): Please change the value of 'Security.salt' in ROOT/config/app.php to a salt value specific to your application. in [C:\xampp\htdocs\apps\temp\aulaCakePHP\vendor\cakephp\cakephp\src\Error\Debugger.php, line 963]
Request URL: /
Referer URL: https://localhost/apps/temp/
Trace:
Cake\Error\BaseErrorHandler::handleError() - CORE\src\Error\BaseErrorHandler.php, line 159
Cake\Core\BasePlugin::{closure}() - ROOT\vendor\cakephp\debug_kit\config\bootstrap.php, line 42
Cake\Error\Debugger::checkSecurityKeys() - CORE\src\Error\Debugger.php, line 963
include - APP/Template\Pages\home.ctp, line 70
Cake\View\View::_evaluate() - CORE\src\View\View.php, line 1240
Cake\View\View::_render() - CORE\src\View\View.php, line 1201
Cake\View\View::render() - CORE\src\View\View.php, line 803
Cake\Controller\Controller::render() - CORE\src\Controller\Controller.php, line 790
App\Controller\PagesController::display() - APP/Controller\PagesController.php, line 61
Cake\Controller\Controller::invokeAction() - CORE\src\Controller\Controller.php, line 609
Cake\Http\ActionDispatcher::_invoke() - CORE\src\Http\ActionDispatcher.php, line 120
Cake\Http\ActionDispatcher::dispatch() - CORE\src\Http\ActionDispatcher.php, line 94
Cake\Http\BaseApplication::__invoke() - CORE\src\Http\BaseApplication.php, line 235
Cake\Http\Runner::__invoke() - CORE\src\Http\Runner.php, line 65
Cake\Http\Runner::__invoke() - CORE\src\Http\Runner.php, line 65
Cake\Http\Middleware\CsrfProtectionMiddleware::__invoke() - CORE\src\Http\Middleware\CsrfProtectionMiddleware.php, line 103
Cake\Http\Runner::__invoke() - CORE\src\Http\Runner.php, line 65
Cake\Http\Runner::run() - CORE\src\Http\Runner.php, line 51
Cake\Routing\Middleware\RoutingMiddleware::__invoke() - CORE\src\Routing\Middleware\RoutingMiddleware.php, line 162
Cake\Http\Runner::__invoke() - CORE\src\Http\Runner.php, line 65
Cake\Routing\Middleware\AssetMiddleware::__invoke() - CORE\src\Routing\Middleware\AssetMiddleware.php, line 88
Cake\Http\Runner::__invoke() - CORE\src\Http\Runner.php, line 65
Cake\Error\Middleware\ErrorHandlerMiddleware::__invoke() - CORE\src\Error\Middleware\ErrorHandlerMiddleware.php, line 98
Cake\Http\Runner::__invoke() - CORE\src\Http\Runner.php, line 65
DebugKit\Middleware\DebugKitMiddleware::__invoke() - ROOT\vendor\cakephp\debug_kit\src\Middleware\DebugKitMiddleware.php, line 53
Cake\Http\Runner::__invoke() - CORE\src\Http\Runner.php, line 65
Cake\Http\Runner::run() - CORE\src\Http\Runner.php, line 51
Cake\Http\Server::run() - CORE\src\Http\Server.php, line 98
[main] - ROOT\webroot\index.php, line 40



2019-01-14 12:55:53 Notice: Notice (1024): Please change the value of 'Security.salt' in ROOT/config/app.php to a salt value specific to your application. in [C:\xampp\htdocs\apps\aulaCakePHP\vendor\cakephp\cakephp\src\Error\Debugger.php, line 963]
Request URL: /
Referer URL: https://localhost/apps/
Trace:
Cake\Error\BaseErrorHandler::handleError() - CORE\src\Error\BaseErrorHandler.php, line 159
Cake\Core\BasePlugin::{closure}() - ROOT\vendor\cakephp\debug_kit\config\bootstrap.php, line 42
Cake\Error\Debugger::checkSecurityKeys() - CORE\src\Error\Debugger.php, line 963
include - APP/Template\Pages\home.ctp, line 70
Cake\View\View::_evaluate() - CORE\src\View\View.php, line 1240
Cake\View\View::_render() - CORE\src\View\View.php, line 1201
Cake\View\View::render() - CORE\src\View\View.php, line 803
Cake\Controller\Controller::render() - CORE\src\Controller\Controller.php, line 790
App\Controller\PagesController::display() - APP/Controller\PagesController.php, line 61
Cake\Controller\Controller::invokeAction() - CORE\src\Controller\Controller.php, line 609
Cake\Http\ActionDispatcher::_invoke() - CORE\src\Http\ActionDispatcher.php, line 120
Cake\Http\ActionDispatcher::dispatch() - CORE\src\Http\ActionDispatcher.php, line 94
Cake\Http\BaseApplication::__invoke() - CORE\src\Http\BaseApplication.php, line 235
Cake\Http\Runner::__invoke() - CORE\src\Http\Runner.php, line 65
Cake\Http\Runner::__invoke() - CORE\src\Http\Runner.php, line 65
Cake\Http\Middleware\CsrfProtectionMiddleware::__invoke() - CORE\src\Http\Middleware\CsrfProtectionMiddleware.php, line 103
Cake\Http\Runner::__invoke() - CORE\src\Http\Runner.php, line 65
Cake\Http\Runner::run() - CORE\src\Http\Runner.php, line 51
Cake\Routing\Middleware\RoutingMiddleware::__invoke() - CORE\src\Routing\Middleware\RoutingMiddleware.php, line 162
Cake\Http\Runner::__invoke() - CORE\src\Http\Runner.php, line 65
Cake\Routing\Middleware\AssetMiddleware::__invoke() - CORE\src\Routing\Middleware\AssetMiddleware.php, line 88
Cake\Http\Runner::__invoke() - CORE\src\Http\Runner.php, line 65
Cake\Error\Middleware\ErrorHandlerMiddleware::__invoke() - CORE\src\Error\Middleware\ErrorHandlerMiddleware.php, line 98
Cake\Http\Runner::__invoke() - CORE\src\Http\Runner.php, line 65
DebugKit\Middleware\DebugKitMiddleware::__invoke() - ROOT\vendor\cakephp\debug_kit\src\Middleware\DebugKitMiddleware.php, line 53
Cake\Http\Runner::__invoke() - CORE\src\Http\Runner.php, line 65
Cake\Http\Runner::run() - CORE\src\Http\Runner.php, line 51
Cake\Http\Server::run() - CORE\src\Http\Server.php, line 98
[main] - ROOT\webroot\index.php, line 40



2019-01-16 10:46:02 Notice: Notice (1024): Please change the value of 'Security.salt' in ROOT/config/app.php to a salt value specific to your application. in [C:\xampp\htdocs\apps\aulaCakePHP\vendor\cakephp\cakephp\src\Error\Debugger.php, line 963]
Request URL: /
Referer URL: https://localhost/apps/
Trace:
Cake\Error\BaseErrorHandler::handleError() - CORE\src\Error\BaseErrorHandler.php, line 159
Cake\Core\BasePlugin::{closure}() - ROOT\vendor\cakephp\debug_kit\config\bootstrap.php, line 42
Cake\Error\Debugger::checkSecurityKeys() - CORE\src\Error\Debugger.php, line 963
include - APP/Template\Pages\home.ctp, line 70
Cake\View\View::_evaluate() - CORE\src\View\View.php, line 1240
Cake\View\View::_render() - CORE\src\View\View.php, line 1201
Cake\View\View::render() - CORE\src\View\View.php, line 803
Cake\Controller\Controller::render() - CORE\src\Controller\Controller.php, line 790
App\Controller\PagesController::display() - APP/Controller\PagesController.php, line 61
Cake\Controller\Controller::invokeAction() - CORE\src\Controller\Controller.php, line 609
Cake\Http\ActionDispatcher::_invoke() - CORE\src\Http\ActionDispatcher.php, line 120
Cake\Http\ActionDispatcher::dispatch() - CORE\src\Http\ActionDispatcher.php, line 94
Cake\Http\BaseApplication::__invoke() - CORE\src\Http\BaseApplication.php, line 235
Cake\Http\Runner::__invoke() - CORE\src\Http\Runner.php, line 65
Cake\Http\Runner::__invoke() - CORE\src\Http\Runner.php, line 65
Cake\Http\Middleware\CsrfProtectionMiddleware::__invoke() - CORE\src\Http\Middleware\CsrfProtectionMiddleware.php, line 103
Cake\Http\Runner::__invoke() - CORE\src\Http\Runner.php, line 65
Cake\Http\Runner::run() - CORE\src\Http\Runner.php, line 51
Cake\Routing\Middleware\RoutingMiddleware::__invoke() - CORE\src\Routing\Middleware\RoutingMiddleware.php, line 162
Cake\Http\Runner::__invoke() - CORE\src\Http\Runner.php, line 65
Cake\Routing\Middleware\AssetMiddleware::__invoke() - CORE\src\Routing\Middleware\AssetMiddleware.php, line 88
Cake\Http\Runner::__invoke() - CORE\src\Http\Runner.php, line 65
Cake\Error\Middleware\ErrorHandlerMiddleware::__invoke() - CORE\src\Error\Middleware\ErrorHandlerMiddleware.php, line 98
Cake\Http\Runner::__invoke() - CORE\src\Http\Runner.php, line 65
DebugKit\Middleware\DebugKitMiddleware::__invoke() - ROOT\vendor\cakephp\debug_kit\src\Middleware\DebugKitMiddleware.php, line 53
Cake\Http\Runner::__invoke() - CORE\src\Http\Runner.php, line 65
Cake\Http\Runner::run() - CORE\src\Http\Runner.php, line 51
Cake\Http\Server::run() - CORE\src\Http\Server.php, line 98
[main] - ROOT\webroot\index.php, line 40



2019-01-16 10:46:14 Notice: Notice (1024): Please change the value of 'Security.salt' in ROOT/config/app.php to a salt value specific to your application. in [C:\xampp\htdocs\apps\aulaCakePHP\vendor\cakephp\cakephp\src\Error\Debugger.php, line 963]
Request URL: /
Referer URL: https://localhost/apps/
Trace:
Cake\Error\BaseErrorHandler::handleError() - CORE\src\Error\BaseErrorHandler.php, line 159
Cake\Core\BasePlugin::{closure}() - ROOT\vendor\cakephp\debug_kit\config\bootstrap.php, line 42
Cake\Error\Debugger::checkSecurityKeys() - CORE\src\Error\Debugger.php, line 963
include - APP/Template\Pages\home.ctp, line 70
Cake\View\View::_evaluate() - CORE\src\View\View.php, line 1240
Cake\View\View::_render() - CORE\src\View\View.php, line 1201
Cake\View\View::render() - CORE\src\View\View.php, line 803
Cake\Controller\Controller::render() - CORE\src\Controller\Controller.php, line 790
App\Controller\PagesController::display() - APP/Controller\PagesController.php, line 61
Cake\Controller\Controller::invokeAction() - CORE\src\Controller\Controller.php, line 609
Cake\Http\ActionDispatcher::_invoke() - CORE\src\Http\ActionDispatcher.php, line 120
Cake\Http\ActionDispatcher::dispatch() - CORE\src\Http\ActionDispatcher.php, line 94
Cake\Http\BaseApplication::__invoke() - CORE\src\Http\BaseApplication.php, line 235
Cake\Http\Runner::__invoke() - CORE\src\Http\Runner.php, line 65
Cake\Http\Runner::__invoke() - CORE\src\Http\Runner.php, line 65
Cake\Http\Middleware\CsrfProtectionMiddleware::__invoke() - CORE\src\Http\Middleware\CsrfProtectionMiddleware.php, line 107
Cake\Http\Runner::__invoke() - CORE\src\Http\Runner.php, line 65
Cake\Http\Runner::run() - CORE\src\Http\Runner.php, line 51
Cake\Routing\Middleware\RoutingMiddleware::__invoke() - CORE\src\Routing\Middleware\RoutingMiddleware.php, line 162
Cake\Http\Runner::__invoke() - CORE\src\Http\Runner.php, line 65
Cake\Routing\Middleware\AssetMiddleware::__invoke() - CORE\src\Routing\Middleware\AssetMiddleware.php, line 88
Cake\Http\Runner::__invoke() - CORE\src\Http\Runner.php, line 65
Cake\Error\Middleware\ErrorHandlerMiddleware::__invoke() - CORE\src\Error\Middleware\ErrorHandlerMiddleware.php, line 98
Cake\Http\Runner::__invoke() - CORE\src\Http\Runner.php, line 65
DebugKit\Middleware\DebugKitMiddleware::__invoke() - ROOT\vendor\cakephp\debug_kit\src\Middleware\DebugKitMiddleware.php, line 53
Cake\Http\Runner::__invoke() - CORE\src\Http\Runner.php, line 65
Cake\Http\Runner::run() - CORE\src\Http\Runner.php, line 51
Cake\Http\Server::run() - CORE\src\Http\Server.php, line 98
[main] - ROOT\webroot\index.php, line 40



2019-01-17 11:11:13 Notice: Notice (1024): Please change the value of 'Security.salt' in ROOT/config/app.php to a salt value specific to your application. in [C:\xampp\htdocs\apps\aulaCakePHP\vendor\cakephp\cakephp\src\Error\Debugger.php, line 963]
Request URL: /
Referer URL: https://localhost/apps/
Trace:
Cake\Error\BaseErrorHandler::handleError() - CORE\src\Error\BaseErrorHandler.php, line 159
Cake\Core\BasePlugin::{closure}() - ROOT\vendor\cakephp\debug_kit\config\bootstrap.php, line 42
Cake\Error\Debugger::checkSecurityKeys() - CORE\src\Error\Debugger.php, line 963
include - APP/Template\Pages\home.ctp, line 70
Cake\View\View::_evaluate() - CORE\src\View\View.php, line 1240
Cake\View\View::_render() - CORE\src\View\View.php, line 1201
Cake\View\View::render() - CORE\src\View\View.php, line 803
Cake\Controller\Controller::render() - CORE\src\Controller\Controller.php, line 790
App\Controller\PagesController::display() - APP/Controller\PagesController.php, line 61
Cake\Controller\Controller::invokeAction() - CORE\src\Controller\Controller.php, line 609
Cake\Http\ActionDispatcher::_invoke() - CORE\src\Http\ActionDispatcher.php, line 120
Cake\Http\ActionDispatcher::dispatch() - CORE\src\Http\ActionDispatcher.php, line 94
Cake\Http\BaseApplication::__invoke() - CORE\src\Http\BaseApplication.php, line 235
Cake\Http\Runner::__invoke() - CORE\src\Http\Runner.php, line 65
Cake\Http\Runner::__invoke() - CORE\src\Http\Runner.php, line 65
Cake\Http\Middleware\CsrfProtectionMiddleware::__invoke() - CORE\src\Http\Middleware\CsrfProtectionMiddleware.php, line 103
Cake\Http\Runner::__invoke() - CORE\src\Http\Runner.php, line 65
Cake\Http\Runner::run() - CORE\src\Http\Runner.php, line 51
Cake\Routing\Middleware\RoutingMiddleware::__invoke() - CORE\src\Routing\Middleware\RoutingMiddleware.php, line 162
Cake\Http\Runner::__invoke() - CORE\src\Http\Runner.php, line 65
Cake\Routing\Middleware\AssetMiddleware::__invoke() - CORE\src\Routing\Middleware\AssetMiddleware.php, line 88
Cake\Http\Runner::__invoke() - CORE\src\Http\Runner.php, line 65
Cake\Error\Middleware\ErrorHandlerMiddleware::__invoke() - CORE\src\Error\Middleware\ErrorHandlerMiddleware.php, line 98
Cake\Http\Runner::__invoke() - CORE\src\Http\Runner.php, line 65
DebugKit\Middleware\DebugKitMiddleware::__invoke() - ROOT\vendor\cakephp\debug_kit\src\Middleware\DebugKitMiddleware.php, line 53
Cake\Http\Runner::__invoke() - CORE\src\Http\Runner.php, line 65
Cake\Http\Runner::run() - CORE\src\Http\Runner.php, line 51
Cake\Http\Server::run() - CORE\src\Http\Server.php, line 98
[main] - ROOT\webroot\index.php, line 40



2019-01-17 11:25:00 Notice: Notice (1024): Please change the value of 'Security.salt' in ROOT/config/app.php to a salt value specific to your application. in [C:\xampp\htdocs\apps\aulaCakePHP\vendor\cakephp\cakephp\src\Error\Debugger.php, line 963]
Request URL: /
Trace:
Cake\Error\BaseErrorHandler::handleError() - CORE\src\Error\BaseErrorHandler.php, line 159
Cake\Core\BasePlugin::{closure}() - ROOT\vendor\cakephp\debug_kit\config\bootstrap.php, line 42
Cake\Error\Debugger::checkSecurityKeys() - CORE\src\Error\Debugger.php, line 963
include - APP/Template\Pages\home.ctp, line 70
Cake\View\View::_evaluate() - CORE\src\View\View.php, line 1240
Cake\View\View::_render() - CORE\src\View\View.php, line 1201
Cake\View\View::render() - CORE\src\View\View.php, line 803
Cake\Controller\Controller::render() - CORE\src\Controller\Controller.php, line 790
App\Controller\PagesController::display() - APP/Controller\PagesController.php, line 61
Cake\Controller\Controller::invokeAction() - CORE\src\Controller\Controller.php, line 609
Cake\Http\ActionDispatcher::_invoke() - CORE\src\Http\ActionDispatcher.php, line 120
Cake\Http\ActionDispatcher::dispatch() - CORE\src\Http\ActionDispatcher.php, line 94
Cake\Http\BaseApplication::__invoke() - CORE\src\Http\BaseApplication.php, line 235
Cake\Http\Runner::__invoke() - CORE\src\Http\Runner.php, line 65
Cake\Http\Runner::__invoke() - CORE\src\Http\Runner.php, line 65
Cake\Http\Middleware\CsrfProtectionMiddleware::__invoke() - CORE\src\Http\Middleware\CsrfProtectionMiddleware.php, line 107
Cake\Http\Runner::__invoke() - CORE\src\Http\Runner.php, line 65
Cake\Http\Runner::run() - CORE\src\Http\Runner.php, line 51
Cake\Routing\Middleware\RoutingMiddleware::__invoke() - CORE\src\Routing\Middleware\RoutingMiddleware.php, line 162
Cake\Http\Runner::__invoke() - CORE\src\Http\Runner.php, line 65
Cake\Routing\Middleware\AssetMiddleware::__invoke() - CORE\src\Routing\Middleware\AssetMiddleware.php, line 88
Cake\Http\Runner::__invoke() - CORE\src\Http\Runner.php, line 65
Cake\Error\Middleware\ErrorHandlerMiddleware::__invoke() - CORE\src\Error\Middleware\ErrorHandlerMiddleware.php, line 98
Cake\Http\Runner::__invoke() - CORE\src\Http\Runner.php, line 65
DebugKit\Middleware\DebugKitMiddleware::__invoke() - ROOT\vendor\cakephp\debug_kit\src\Middleware\DebugKitMiddleware.php, line 53
Cake\Http\Runner::__invoke() - CORE\src\Http\Runner.php, line 65
Cake\Http\Runner::run() - CORE\src\Http\Runner.php, line 51
Cake\Http\Server::run() - CORE\src\Http\Server.php, line 98
[main] - ROOT\webroot\index.php, line 40



2019-01-17 11:43:33 Notice: Notice (1024): Please change the value of 'Security.salt' in ROOT/config/app.php to a salt value specific to your application. in [C:\xampp\htdocs\apps\aulaCakePHP\vendor\cakephp\cakephp\src\Error\Debugger.php, line 963]
Request URL: /
Trace:
Cake\Error\BaseErrorHandler::handleError() - CORE\src\Error\BaseErrorHandler.php, line 159
Cake\Core\BasePlugin::{closure}() - ROOT\vendor\cakephp\debug_kit\config\bootstrap.php, line 42
Cake\Error\Debugger::checkSecurityKeys() - CORE\src\Error\Debugger.php, line 963
include - APP/Template\Pages\home.ctp, line 70
Cake\View\View::_evaluate() - CORE\src\View\View.php, line 1240
Cake\View\View::_render() - CORE\src\View\View.php, line 1201
Cake\View\View::render() - CORE\src\View\View.php, line 803
Cake\Controller\Controller::render() - CORE\src\Controller\Controller.php, line 790
App\Controller\PagesController::display() - APP/Controller\PagesController.php, line 61
Cake\Controller\Controller::invokeAction() - CORE\src\Controller\Controller.php, line 609
Cake\Http\ActionDispatcher::_invoke() - CORE\src\Http\ActionDispatcher.php, line 120
Cake\Http\ActionDispatcher::dispatch() - CORE\src\Http\ActionDispatcher.php, line 94
Cake\Http\BaseApplication::__invoke() - CORE\src\Http\BaseApplication.php, line 235
Cake\Http\Runner::__invoke() - CORE\src\Http\Runner.php, line 65
Cake\Http\Runner::__invoke() - CORE\src\Http\Runner.php, line 65
Cake\Http\Middleware\CsrfProtectionMiddleware::__invoke() - CORE\src\Http\Middleware\CsrfProtectionMiddleware.php, line 107
Cake\Http\Runner::__invoke() - CORE\src\Http\Runner.php, line 65
Cake\Http\Runner::run() - CORE\src\Http\Runner.php, line 51
Cake\Routing\Middleware\RoutingMiddleware::__invoke() - CORE\src\Routing\Middleware\RoutingMiddleware.php, line 162
Cake\Http\Runner::__invoke() - CORE\src\Http\Runner.php, line 65
Cake\Routing\Middleware\AssetMiddleware::__invoke() - CORE\src\Routing\Middleware\AssetMiddleware.php, line 88
Cake\Http\Runner::__invoke() - CORE\src\Http\Runner.php, line 65
Cake\Error\Middleware\ErrorHandlerMiddleware::__invoke() - CORE\src\Error\Middleware\ErrorHandlerMiddleware.php, line 98
Cake\Http\Runner::__invoke() - CORE\src\Http\Runner.php, line 65
DebugKit\Middleware\DebugKitMiddleware::__invoke() - ROOT\vendor\cakephp\debug_kit\src\Middleware\DebugKitMiddleware.php, line 53
Cake\Http\Runner::__invoke() - CORE\src\Http\Runner.php, line 65
Cake\Http\Runner::run() - CORE\src\Http\Runner.php, line 51
Cake\Http\Server::run() - CORE\src\Http\Server.php, line 98
[main] - ROOT\webroot\index.php, line 40



2019-01-18 10:09:42 Notice: Notice (1024): Please change the value of 'Security.salt' in ROOT/config/app.php to a salt value specific to your application. in [C:\xampp\htdocs\apps\aulaCakePHP\vendor\cakephp\cakephp\src\Error\Debugger.php, line 963]
Request URL: /
Referer URL: https://localhost/apps/
Trace:
Cake\Error\BaseErrorHandler::handleError() - CORE\src\Error\BaseErrorHandler.php, line 159
Cake\Core\BasePlugin::{closure}() - ROOT\vendor\cakephp\debug_kit\config\bootstrap.php, line 42
Cake\Error\Debugger::checkSecurityKeys() - CORE\src\Error\Debugger.php, line 963
include - APP/Template\Pages\home.ctp, line 70
Cake\View\View::_evaluate() - CORE\src\View\View.php, line 1240
Cake\View\View::_render() - CORE\src\View\View.php, line 1201
Cake\View\View::render() - CORE\src\View\View.php, line 803
Cake\Controller\Controller::render() - CORE\src\Controller\Controller.php, line 790
App\Controller\PagesController::display() - APP/Controller\PagesController.php, line 61
Cake\Controller\Controller::invokeAction() - CORE\src\Controller\Controller.php, line 609
Cake\Http\ActionDispatcher::_invoke() - CORE\src\Http\ActionDispatcher.php, line 120
Cake\Http\ActionDispatcher::dispatch() - CORE\src\Http\ActionDispatcher.php, line 94
Cake\Http\BaseApplication::__invoke() - CORE\src\Http\BaseApplication.php, line 235
Cake\Http\Runner::__invoke() - CORE\src\Http\Runner.php, line 65
Cake\Http\Runner::__invoke() - CORE\src\Http\Runner.php, line 65
Cake\Http\Middleware\CsrfProtectionMiddleware::__invoke() - CORE\src\Http\Middleware\CsrfProtectionMiddleware.php, line 103
Cake\Http\Runner::__invoke() - CORE\src\Http\Runner.php, line 65
Cake\Http\Runner::run() - CORE\src\Http\Runner.php, line 51
Cake\Routing\Middleware\RoutingMiddleware::__invoke() - CORE\src\Routing\Middleware\RoutingMiddleware.php, line 162
Cake\Http\Runner::__invoke() - CORE\src\Http\Runner.php, line 65
Cake\Routing\Middleware\AssetMiddleware::__invoke() - CORE\src\Routing\Middleware\AssetMiddleware.php, line 88
Cake\Http\Runner::__invoke() - CORE\src\Http\Runner.php, line 65
Cake\Error\Middleware\ErrorHandlerMiddleware::__invoke() - CORE\src\Error\Middleware\ErrorHandlerMiddleware.php, line 98
Cake\Http\Runner::__invoke() - CORE\src\Http\Runner.php, line 65
DebugKit\Middleware\DebugKitMiddleware::__invoke() - ROOT\vendor\cakephp\debug_kit\src\Middleware\DebugKitMiddleware.php, line 53
Cake\Http\Runner::__invoke() - CORE\src\Http\Runner.php, line 65
Cake\Http\Runner::run() - CORE\src\Http\Runner.php, line 51
Cake\Http\Server::run() - CORE\src\Http\Server.php, line 98
[main] - ROOT\webroot\index.php, line 40



2019-01-19 12:17:11 Notice: Notice (1024): Please change the value of 'Security.salt' in ROOT/config/app.php to a salt value specific to your application. in [C:\xampp\htdocs\apps\aulaCakePHP\vendor\cakephp\cakephp\src\Error\Debugger.php, line 963]
Request URL: /
Referer URL: https://localhost/applications.html
Trace:
Cake\Error\BaseErrorHandler::handleError() - CORE\src\Error\BaseErrorHandler.php, line 159
Cake\Core\BasePlugin::{closure}() - ROOT\vendor\cakephp\debug_kit\config\bootstrap.php, line 42
Cake\Error\Debugger::checkSecurityKeys() - CORE\src\Error\Debugger.php, line 963
include - APP/Template\Pages\home.ctp, line 70
Cake\View\View::_evaluate() - CORE\src\View\View.php, line 1240
Cake\View\View::_render() - CORE\src\View\View.php, line 1201
Cake\View\View::render() - CORE\src\View\View.php, line 803
Cake\Controller\Controller::render() - CORE\src\Controller\Controller.php, line 790
App\Controller\PagesController::display() - APP/Controller\PagesController.php, line 61
Cake\Controller\Controller::invokeAction() - CORE\src\Controller\Controller.php, line 609
Cake\Http\ActionDispatcher::_invoke() - CORE\src\Http\ActionDispatcher.php, line 120
Cake\Http\ActionDispatcher::dispatch() - CORE\src\Http\ActionDispatcher.php, line 94
Cake\Http\BaseApplication::__invoke() - CORE\src\Http\BaseApplication.php, line 235
Cake\Http\Runner::__invoke() - CORE\src\Http\Runner.php, line 65
Cake\Http\Runner::__invoke() - CORE\src\Http\Runner.php, line 65
Cake\Http\Middleware\CsrfProtectionMiddleware::__invoke() - CORE\src\Http\Middleware\CsrfProtectionMiddleware.php, line 107
Cake\Http\Runner::__invoke() - CORE\src\Http\Runner.php, line 65
Cake\Http\Runner::run() - CORE\src\Http\Runner.php, line 51
Cake\Routing\Middleware\RoutingMiddleware::__invoke() - CORE\src\Routing\Middleware\RoutingMiddleware.php, line 162
Cake\Http\Runner::__invoke() - CORE\src\Http\Runner.php, line 65
Cake\Routing\Middleware\AssetMiddleware::__invoke() - CORE\src\Routing\Middleware\AssetMiddleware.php, line 88
Cake\Http\Runner::__invoke() - CORE\src\Http\Runner.php, line 65
Cake\Error\Middleware\ErrorHandlerMiddleware::__invoke() - CORE\src\Error\Middleware\ErrorHandlerMiddleware.php, line 98
Cake\Http\Runner::__invoke() - CORE\src\Http\Runner.php, line 65
DebugKit\Middleware\DebugKitMiddleware::__invoke() - ROOT\vendor\cakephp\debug_kit\src\Middleware\DebugKitMiddleware.php, line 53
Cake\Http\Runner::__invoke() - CORE\src\Http\Runner.php, line 65
Cake\Http\Runner::run() - CORE\src\Http\Runner.php, line 51
Cake\Http\Server::run() - CORE\src\Http\Server.php, line 98
[main] - ROOT\webroot\index.php, line 40



2019-01-19 12:22:10 Notice: Notice (1024): Please change the value of 'Security.salt' in ROOT/config/app.php to a salt value specific to your application. in [C:\xampp\htdocs\apps\aulaCakePHP\vendor\cakephp\cakephp\src\Error\Debugger.php, line 963]
Request URL: /
Referer URL: https://localhost/applications.html
Trace:
Cake\Error\BaseErrorHandler::handleError() - CORE\src\Error\BaseErrorHandler.php, line 159
Cake\Core\BasePlugin::{closure}() - ROOT\vendor\cakephp\debug_kit\config\bootstrap.php, line 42
Cake\Error\Debugger::checkSecurityKeys() - CORE\src\Error\Debugger.php, line 963
include - APP/Template\Pages\home.ctp, line 70
Cake\View\View::_evaluate() - CORE\src\View\View.php, line 1240
Cake\View\View::_render() - CORE\src\View\View.php, line 1201
Cake\View\View::render() - CORE\src\View\View.php, line 803
Cake\Controller\Controller::render() - CORE\src\Controller\Controller.php, line 790
App\Controller\PagesController::display() - APP/Controller\PagesController.php, line 61
Cake\Controller\Controller::invokeAction() - CORE\src\Controller\Controller.php, line 609
Cake\Http\ActionDispatcher::_invoke() - CORE\src\Http\ActionDispatcher.php, line 120
Cake\Http\ActionDispatcher::dispatch() - CORE\src\Http\ActionDispatcher.php, line 94
Cake\Http\BaseApplication::__invoke() - CORE\src\Http\BaseApplication.php, line 235
Cake\Http\Runner::__invoke() - CORE\src\Http\Runner.php, line 65
Cake\Http\Runner::__invoke() - CORE\src\Http\Runner.php, line 65
Cake\Http\Middleware\CsrfProtectionMiddleware::__invoke() - CORE\src\Http\Middleware\CsrfProtectionMiddleware.php, line 107
Cake\Http\Runner::__invoke() - CORE\src\Http\Runner.php, line 65
Cake\Http\Runner::run() - CORE\src\Http\Runner.php, line 51
Cake\Routing\Middleware\RoutingMiddleware::__invoke() - CORE\src\Routing\Middleware\RoutingMiddleware.php, line 162
Cake\Http\Runner::__invoke() - CORE\src\Http\Runner.php, line 65
Cake\Routing\Middleware\AssetMiddleware::__invoke() - CORE\src\Routing\Middleware\AssetMiddleware.php, line 88
Cake\Http\Runner::__invoke() - CORE\src\Http\Runner.php, line 65
Cake\Error\Middleware\ErrorHandlerMiddleware::__invoke() - CORE\src\Error\Middleware\ErrorHandlerMiddleware.php, line 98
Cake\Http\Runner::__invoke() - CORE\src\Http\Runner.php, line 65
DebugKit\Middleware\DebugKitMiddleware::__invoke() - ROOT\vendor\cakephp\debug_kit\src\Middleware\DebugKitMiddleware.php, line 53
Cake\Http\Runner::__invoke() - CORE\src\Http\Runner.php, line 65
Cake\Http\Runner::run() - CORE\src\Http\Runner.php, line 51
Cake\Http\Server::run() - CORE\src\Http\Server.php, line 98
[main] - ROOT\webroot\index.php, line 40



2019-01-21 10:14:15 Notice: Notice (1024): Please change the value of 'Security.salt' in ROOT/config/app.php to a salt value specific to your application. in [C:\xampp\htdocs\apps\aulaCakePHP\vendor\cakephp\cakephp\src\Error\Debugger.php, line 963]
Request URL: /
Referer URL: https://localhost/applications.html
Trace:
Cake\Error\BaseErrorHandler::handleError() - CORE\src\Error\BaseErrorHandler.php, line 159
Cake\Core\BasePlugin::{closure}() - ROOT\vendor\cakephp\debug_kit\config\bootstrap.php, line 42
Cake\Error\Debugger::checkSecurityKeys() - CORE\src\Error\Debugger.php, line 963
include - APP/Template\Pages\home.ctp, line 70
Cake\View\View::_evaluate() - CORE\src\View\View.php, line 1240
Cake\View\View::_render() - CORE\src\View\View.php, line 1201
Cake\View\View::render() - CORE\src\View\View.php, line 803
Cake\Controller\Controller::render() - CORE\src\Controller\Controller.php, line 790
App\Controller\PagesController::display() - APP/Controller\PagesController.php, line 61
Cake\Controller\Controller::invokeAction() - CORE\src\Controller\Controller.php, line 609
Cake\Http\ActionDispatcher::_invoke() - CORE\src\Http\ActionDispatcher.php, line 120
Cake\Http\ActionDispatcher::dispatch() - CORE\src\Http\ActionDispatcher.php, line 94
Cake\Http\BaseApplication::__invoke() - CORE\src\Http\BaseApplication.php, line 235
Cake\Http\Runner::__invoke() - CORE\src\Http\Runner.php, line 65
Cake\Http\Runner::__invoke() - CORE\src\Http\Runner.php, line 65
Cake\Http\Middleware\CsrfProtectionMiddleware::__invoke() - CORE\src\Http\Middleware\CsrfProtectionMiddleware.php, line 103
Cake\Http\Runner::__invoke() - CORE\src\Http\Runner.php, line 65
Cake\Http\Runner::run() - CORE\src\Http\Runner.php, line 51
Cake\Routing\Middleware\RoutingMiddleware::__invoke() - CORE\src\Routing\Middleware\RoutingMiddleware.php, line 162
Cake\Http\Runner::__invoke() - CORE\src\Http\Runner.php, line 65
Cake\Routing\Middleware\AssetMiddleware::__invoke() - CORE\src\Routing\Middleware\AssetMiddleware.php, line 88
Cake\Http\Runner::__invoke() - CORE\src\Http\Runner.php, line 65
Cake\Error\Middleware\ErrorHandlerMiddleware::__invoke() - CORE\src\Error\Middleware\ErrorHandlerMiddleware.php, line 98
Cake\Http\Runner::__invoke() - CORE\src\Http\Runner.php, line 65
DebugKit\Middleware\DebugKitMiddleware::__invoke() - ROOT\vendor\cakephp\debug_kit\src\Middleware\DebugKitMiddleware.php, line 53
Cake\Http\Runner::__invoke() - CORE\src\Http\Runner.php, line 65
Cake\Http\Runner::run() - CORE\src\Http\Runner.php, line 51
Cake\Http\Server::run() - CORE\src\Http\Server.php, line 98
[main] - ROOT\webroot\index.php, line 40



2019-01-21 11:29:55 Notice: Notice (8): Undefined offset: 3 in [C:\xampp\htdocs\apps\aulaCakePHP\src\Controller\MeuTesteController.php, line 30]
Request URL: /meu-teste?nome=MicSena
Trace:
Cake\Error\BaseErrorHandler::handleError() - CORE\src\Error\BaseErrorHandler.php, line 159
Cake\Core\BasePlugin::{closure}() - ROOT\vendor\cakephp\debug_kit\config\bootstrap.php, line 42
App\Controller\MeuTesteController::index() - APP/Controller\MeuTesteController.php, line 30
Cake\Controller\Controller::invokeAction() - CORE\src\Controller\Controller.php, line 609
Cake\Http\ActionDispatcher::_invoke() - CORE\src\Http\ActionDispatcher.php, line 120
Cake\Http\ActionDispatcher::dispatch() - CORE\src\Http\ActionDispatcher.php, line 94
Cake\Http\BaseApplication::__invoke() - CORE\src\Http\BaseApplication.php, line 235
Cake\Http\Runner::__invoke() - CORE\src\Http\Runner.php, line 65
Cake\Http\Runner::__invoke() - CORE\src\Http\Runner.php, line 65
Cake\Http\Middleware\CsrfProtectionMiddleware::__invoke() - CORE\src\Http\Middleware\CsrfProtectionMiddleware.php, line 107
Cake\Http\Runner::__invoke() - CORE\src\Http\Runner.php, line 65
Cake\Http\Runner::run() - CORE\src\Http\Runner.php, line 51
Cake\Routing\Middleware\RoutingMiddleware::__invoke() - CORE\src\Routing\Middleware\RoutingMiddleware.php, line 162
Cake\Http\Runner::__invoke() - CORE\src\Http\Runner.php, line 65
Cake\Routing\Middleware\AssetMiddleware::__invoke() - CORE\src\Routing\Middleware\AssetMiddleware.php, line 88
Cake\Http\Runner::__invoke() - CORE\src\Http\Runner.php, line 65
Cake\Error\Middleware\ErrorHandlerMiddleware::__invoke() - CORE\src\Error\Middleware\ErrorHandlerMiddleware.php, line 98
Cake\Http\Runner::__invoke() - CORE\src\Http\Runner.php, line 65
DebugKit\Middleware\DebugKitMiddleware::__invoke() - ROOT\vendor\cakephp\debug_kit\src\Middleware\DebugKitMiddleware.php, line 53
Cake\Http\Runner::__invoke() - CORE\src\Http\Runner.php, line 65
Cake\Http\Runner::run() - CORE\src\Http\Runner.php, line 51
Cake\Http\Server::run() - CORE\src\Http\Server.php, line 98
[main] - ROOT\webroot\index.php, line 40



2019-01-21 11:35:02 Notice: Notice (8): Undefined offset: 3 in [C:\xampp\htdocs\apps\aulaCakePHP\src\Controller\MeuTesteController.php, line 31]
Request URL: /meu-teste?nome=MicSena
Trace:
Cake\Error\BaseErrorHandler::handleError() - CORE\src\Error\BaseErrorHandler.php, line 159
Cake\Core\BasePlugin::{closure}() - ROOT\vendor\cakephp\debug_kit\config\bootstrap.php, line 42
App\Controller\MeuTesteController::index() - APP/Controller\MeuTesteController.php, line 31
Cake\Controller\Controller::invokeAction() - CORE\src\Controller\Controller.php, line 609
Cake\Http\ActionDispatcher::_invoke() - CORE\src\Http\ActionDispatcher.php, line 120
Cake\Http\ActionDispatcher::dispatch() - CORE\src\Http\ActionDispatcher.php, line 94
Cake\Http\BaseApplication::__invoke() - CORE\src\Http\BaseApplication.php, line 235
Cake\Http\Runner::__invoke() - CORE\src\Http\Runner.php, line 65
Cake\Http\Runner::__invoke() - CORE\src\Http\Runner.php, line 65
Cake\Http\Middleware\CsrfProtectionMiddleware::__invoke() - CORE\src\Http\Middleware\CsrfProtectionMiddleware.php, line 107
Cake\Http\Runner::__invoke() - CORE\src\Http\Runner.php, line 65
Cake\Http\Runner::run() - CORE\src\Http\Runner.php, line 51
Cake\Routing\Middleware\RoutingMiddleware::__invoke() - CORE\src\Routing\Middleware\RoutingMiddleware.php, line 162
Cake\Http\Runner::__invoke() - CORE\src\Http\Runner.php, line 65
Cake\Routing\Middleware\AssetMiddleware::__invoke() - CORE\src\Routing\Middleware\AssetMiddleware.php, line 88
Cake\Http\Runner::__invoke() - CORE\src\Http\Runner.php, line 65
Cake\Error\Middleware\ErrorHandlerMiddleware::__invoke() - CORE\src\Error\Middleware\ErrorHandlerMiddleware.php, line 98
Cake\Http\Runner::__invoke() - CORE\src\Http\Runner.php, line 65
DebugKit\Middleware\DebugKitMiddleware::__invoke() - ROOT\vendor\cakephp\debug_kit\src\Middleware\DebugKitMiddleware.php, line 53
Cake\Http\Runner::__invoke() - CORE\src\Http\Runner.php, line 65
Cake\Http\Runner::run() - CORE\src\Http\Runner.php, line 51
Cake\Http\Server::run() - CORE\src\Http\Server.php, line 98
[main] - ROOT\webroot\index.php, line 40



2019-01-21 11:35:31 Notice: Notice (8): Undefined offset: 3 in [C:\xampp\htdocs\apps\aulaCakePHP\src\Controller\MeuTesteController.php, line 32]
Request URL: /meu-teste?nome=MicSena
Trace:
Cake\Error\BaseErrorHandler::handleError() - CORE\src\Error\BaseErrorHandler.php, line 159
Cake\Core\BasePlugin::{closure}() - ROOT\vendor\cakephp\debug_kit\config\bootstrap.php, line 42
App\Controller\MeuTesteController::index() - APP/Controller\MeuTesteController.php, line 32
Cake\Controller\Controller::invokeAction() - CORE\src\Controller\Controller.php, line 609
Cake\Http\ActionDispatcher::_invoke() - CORE\src\Http\ActionDispatcher.php, line 120
Cake\Http\ActionDispatcher::dispatch() - CORE\src\Http\ActionDispatcher.php, line 94
Cake\Http\BaseApplication::__invoke() - CORE\src\Http\BaseApplication.php, line 235
Cake\Http\Runner::__invoke() - CORE\src\Http\Runner.php, line 65
Cake\Http\Runner::__invoke() - CORE\src\Http\Runner.php, line 65
Cake\Http\Middleware\CsrfProtectionMiddleware::__invoke() - CORE\src\Http\Middleware\CsrfProtectionMiddleware.php, line 107
Cake\Http\Runner::__invoke() - CORE\src\Http\Runner.php, line 65
Cake\Http\Runner::run() - CORE\src\Http\Runner.php, line 51
Cake\Routing\Middleware\RoutingMiddleware::__invoke() - CORE\src\Routing\Middleware\RoutingMiddleware.php, line 162
Cake\Http\Runner::__invoke() - CORE\src\Http\Runner.php, line 65
Cake\Routing\Middleware\AssetMiddleware::__invoke() - CORE\src\Routing\Middleware\AssetMiddleware.php, line 88
Cake\Http\Runner::__invoke() - CORE\src\Http\Runner.php, line 65
Cake\Error\Middleware\ErrorHandlerMiddleware::__invoke() - CORE\src\Error\Middleware\ErrorHandlerMiddleware.php, line 98
Cake\Http\Runner::__invoke() - CORE\src\Http\Runner.php, line 65
DebugKit\Middleware\DebugKitMiddleware::__invoke() - ROOT\vendor\cakephp\debug_kit\src\Middleware\DebugKitMiddleware.php, line 53
Cake\Http\Runner::__invoke() - CORE\src\Http\Runner.php, line 65
Cake\Http\Runner::run() - CORE\src\Http\Runner.php, line 51
Cake\Http\Server::run() - CORE\src\Http\Server.php, line 98
[main] - ROOT\webroot\index.php, line 40



2019-01-22 11:50:01 Notice: Notice (1024): Please change the value of 'Security.salt' in ROOT/config/app.php to a salt value specific to your application. in [C:\xampp\htdocs\apps\aulaCakePHP\vendor\cakephp\cakephp\src\Error\Debugger.php, line 963]
Request URL: /
Referer URL: https://localhost/applications.html
Trace:
Cake\Error\BaseErrorHandler::handleError() - CORE\src\Error\BaseErrorHandler.php, line 159
Cake\Core\BasePlugin::{closure}() - ROOT\vendor\cakephp\debug_kit\config\bootstrap.php, line 42
Cake\Error\Debugger::checkSecurityKeys() - CORE\src\Error\Debugger.php, line 963
include - APP/Template\Pages\home.ctp, line 70
Cake\View\View::_evaluate() - CORE\src\View\View.php, line 1240
Cake\View\View::_render() - CORE\src\View\View.php, line 1201
Cake\View\View::render() - CORE\src\View\View.php, line 803
Cake\Controller\Controller::render() - CORE\src\Controller\Controller.php, line 790
App\Controller\PagesController::display() - APP/Controller\PagesController.php, line 61
Cake\Controller\Controller::invokeAction() - CORE\src\Controller\Controller.php, line 609
Cake\Http\ActionDispatcher::_invoke() - CORE\src\Http\ActionDispatcher.php, line 120
Cake\Http\ActionDispatcher::dispatch() - CORE\src\Http\ActionDispatcher.php, line 94
Cake\Http\BaseApplication::__invoke() - CORE\src\Http\BaseApplication.php, line 235
Cake\Http\Runner::__invoke() - CORE\src\Http\Runner.php, line 65
Cake\Http\Runner::__invoke() - CORE\src\Http\Runner.php, line 65
Cake\Http\Middleware\CsrfProtectionMiddleware::__invoke() - CORE\src\Http\Middleware\CsrfProtectionMiddleware.php, line 103
Cake\Http\Runner::__invoke() - CORE\src\Http\Runner.php, line 65
Cake\Http\Runner::run() - CORE\src\Http\Runner.php, line 51
Cake\Routing\Middleware\RoutingMiddleware::__invoke() - CORE\src\Routing\Middleware\RoutingMiddleware.php, line 162
Cake\Http\Runner::__invoke() - CORE\src\Http\Runner.php, line 65
Cake\Routing\Middleware\AssetMiddleware::__invoke() - CORE\src\Routing\Middleware\AssetMiddleware.php, line 88
Cake\Http\Runner::__invoke() - CORE\src\Http\Runner.php, line 65
Cake\Error\Middleware\ErrorHandlerMiddleware::__invoke() - CORE\src\Error\Middleware\ErrorHandlerMiddleware.php, line 98
Cake\Http\Runner::__invoke() - CORE\src\Http\Runner.php, line 65
DebugKit\Middleware\DebugKitMiddleware::__invoke() - ROOT\vendor\cakephp\debug_kit\src\Middleware\DebugKitMiddleware.php, line 53
Cake\Http\Runner::__invoke() - CORE\src\Http\Runner.php, line 65
Cake\Http\Runner::run() - CORE\src\Http\Runner.php, line 51
Cake\Http\Server::run() - CORE\src\Http\Server.php, line 98
[main] - ROOT\webroot\index.php, line 40



2019-01-22 12:13:50 Notice: Notice (1024): Undefined property: MeuTesteController::$Response in C:\xampp\htdocs\apps\aulaCakePHP\src\Controller\MeuTesteController.php on line 27 in [C:\xampp\htdocs\apps\aulaCakePHP\vendor\cakephp\cakephp\src\Controller\Controller.php, line 387]
Request URL: /meu-teste?nome=MicSena
Trace:
Cake\Error\BaseErrorHandler::handleError() - CORE\src\Error\BaseErrorHandler.php, line 159
Cake\Core\BasePlugin::{closure}() - ROOT\vendor\cakephp\debug_kit\config\bootstrap.php, line 42
Cake\Controller\Controller::__get() - CORE\src\Controller\Controller.php, line 387
App\Controller\MeuTesteController::index() - APP/Controller\MeuTesteController.php, line 27
Cake\Controller\Controller::invokeAction() - CORE\src\Controller\Controller.php, line 609
Cake\Http\ActionDispatcher::_invoke() - CORE\src\Http\ActionDispatcher.php, line 120
Cake\Http\ActionDispatcher::dispatch() - CORE\src\Http\ActionDispatcher.php, line 94
Cake\Http\BaseApplication::__invoke() - CORE\src\Http\BaseApplication.php, line 235
Cake\Http\Runner::__invoke() - CORE\src\Http\Runner.php, line 65
Cake\Http\Runner::__invoke() - CORE\src\Http\Runner.php, line 65
Cake\Http\Middleware\CsrfProtectionMiddleware::__invoke() - CORE\src\Http\Middleware\CsrfProtectionMiddleware.php, line 107
Cake\Http\Runner::__invoke() - CORE\src\Http\Runner.php, line 65
Cake\Http\Runner::run() - CORE\src\Http\Runner.php, line 51
Cake\Routing\Middleware\RoutingMiddleware::__invoke() - CORE\src\Routing\Middleware\RoutingMiddleware.php, line 162
Cake\Http\Runner::__invoke() - CORE\src\Http\Runner.php, line 65
Cake\Routing\Middleware\AssetMiddleware::__invoke() - CORE\src\Routing\Middleware\AssetMiddleware.php, line 88
Cake\Http\Runner::__invoke() - CORE\src\Http\Runner.php, line 65
Cake\Error\Middleware\ErrorHandlerMiddleware::__invoke() - CORE\src\Error\Middleware\ErrorHandlerMiddleware.php, line 98
Cake\Http\Runner::__invoke() - CORE\src\Http\Runner.php, line 65
DebugKit\Middleware\DebugKitMiddleware::__invoke() - ROOT\vendor\cakephp\debug_kit\src\Middleware\DebugKitMiddleware.php, line 53
Cake\Http\Runner::__invoke() - CORE\src\Http\Runner.php, line 65
Cake\Http\Runner::run() - CORE\src\Http\Runner.php, line 51
Cake\Http\Server::run() - CORE\src\Http\Server.php, line 98
[main] - ROOT\webroot\index.php, line 40



2019-01-22 12:14:23 Notice: Notice (1024): Undefined property: MeuTesteController::$Response in C:\xampp\htdocs\apps\aulaCakePHP\src\Controller\MeuTesteController.php on line 27 in [C:\xampp\htdocs\apps\aulaCakePHP\vendor\cakephp\cakephp\src\Controller\Controller.php, line 387]
Request URL: /meu-teste?nome=MicSena
Trace:
Cake\Error\BaseErrorHandler::handleError() - CORE\src\Error\BaseErrorHandler.php, line 159
Cake\Core\BasePlugin::{closure}() - ROOT\vendor\cakephp\debug_kit\config\bootstrap.php, line 42
Cake\Controller\Controller::__get() - CORE\src\Controller\Controller.php, line 387
App\Controller\MeuTesteController::index() - APP/Controller\MeuTesteController.php, line 27
Cake\Controller\Controller::invokeAction() - CORE\src\Controller\Controller.php, line 609
Cake\Http\ActionDispatcher::_invoke() - CORE\src\Http\ActionDispatcher.php, line 120
Cake\Http\ActionDispatcher::dispatch() - CORE\src\Http\ActionDispatcher.php, line 94
Cake\Http\BaseApplication::__invoke() - CORE\src\Http\BaseApplication.php, line 235
Cake\Http\Runner::__invoke() - CORE\src\Http\Runner.php, line 65
Cake\Http\Runner::__invoke() - CORE\src\Http\Runner.php, line 65
Cake\Http\Middleware\CsrfProtectionMiddleware::__invoke() - CORE\src\Http\Middleware\CsrfProtectionMiddleware.php, line 107
Cake\Http\Runner::__invoke() - CORE\src\Http\Runner.php, line 65
Cake\Http\Runner::run() - CORE\src\Http\Runner.php, line 51
Cake\Routing\Middleware\RoutingMiddleware::__invoke() - CORE\src\Routing\Middleware\RoutingMiddleware.php, line 162
Cake\Http\Runner::__invoke() - CORE\src\Http\Runner.php, line 65
Cake\Routing\Middleware\AssetMiddleware::__invoke() - CORE\src\Routing\Middleware\AssetMiddleware.php, line 88
Cake\Http\Runner::__invoke() - CORE\src\Http\Runner.php, line 65
Cake\Error\Middleware\ErrorHandlerMiddleware::__invoke() - CORE\src\Error\Middleware\ErrorHandlerMiddleware.php, line 98
Cake\Http\Runner::__invoke() - CORE\src\Http\Runner.php, line 65
DebugKit\Middleware\DebugKitMiddleware::__invoke() - ROOT\vendor\cakephp\debug_kit\src\Middleware\DebugKitMiddleware.php, line 53
Cake\Http\Runner::__invoke() - CORE\src\Http\Runner.php, line 65
Cake\Http\Runner::run() - CORE\src\Http\Runner.php, line 51
Cake\Http\Server::run() - CORE\src\Http\Server.php, line 98
[main] - ROOT\webroot\index.php, line 40



2019-01-23 12:04:57 Notice: Notice (1024): Please change the value of 'Security.salt' in ROOT/config/app.php to a salt value specific to your application. in [C:\xampp\htdocs\apps\aulaCakePHP\vendor\cakephp\cakephp\src\Error\Debugger.php, line 963]
Request URL: /
Referer URL: https://localhost/applications.html
Trace:
Cake\Error\BaseErrorHandler::handleError() - CORE\src\Error\BaseErrorHandler.php, line 159
Cake\Core\BasePlugin::{closure}() - ROOT\vendor\cakephp\debug_kit\config\bootstrap.php, line 42
Cake\Error\Debugger::checkSecurityKeys() - CORE\src\Error\Debugger.php, line 963
include - APP/Template\Pages\home.ctp, line 70
Cake\View\View::_evaluate() - CORE\src\View\View.php, line 1240
Cake\View\View::_render() - CORE\src\View\View.php, line 1201
Cake\View\View::render() - CORE\src\View\View.php, line 803
Cake\Controller\Controller::render() - CORE\src\Controller\Controller.php, line 790
App\Controller\PagesController::display() - APP/Controller\PagesController.php, line 61
Cake\Controller\Controller::invokeAction() - CORE\src\Controller\Controller.php, line 609
Cake\Http\ActionDispatcher::_invoke() - CORE\src\Http\ActionDispatcher.php, line 120
Cake\Http\ActionDispatcher::dispatch() - CORE\src\Http\ActionDispatcher.php, line 94
Cake\Http\BaseApplication::__invoke() - CORE\src\Http\BaseApplication.php, line 235
Cake\Http\Runner::__invoke() - CORE\src\Http\Runner.php, line 65
Cake\Http\Runner::__invoke() - CORE\src\Http\Runner.php, line 65
Cake\Http\Middleware\CsrfProtectionMiddleware::__invoke() - CORE\src\Http\Middleware\CsrfProtectionMiddleware.php, line 103
Cake\Http\Runner::__invoke() - CORE\src\Http\Runner.php, line 65
Cake\Http\Runner::run() - CORE\src\Http\Runner.php, line 51
Cake\Routing\Middleware\RoutingMiddleware::__invoke() - CORE\src\Routing\Middleware\RoutingMiddleware.php, line 162
Cake\Http\Runner::__invoke() - CORE\src\Http\Runner.php, line 65
Cake\Routing\Middleware\AssetMiddleware::__invoke() - CORE\src\Routing\Middleware\AssetMiddleware.php, line 88
Cake\Http\Runner::__invoke() - CORE\src\Http\Runner.php, line 65
Cake\Error\Middleware\ErrorHandlerMiddleware::__invoke() - CORE\src\Error\Middleware\ErrorHandlerMiddleware.php, line 98
Cake\Http\Runner::__invoke() - CORE\src\Http\Runner.php, line 65
DebugKit\Middleware\DebugKitMiddleware::__invoke() - ROOT\vendor\cakephp\debug_kit\src\Middleware\DebugKitMiddleware.php, line 53
Cake\Http\Runner::__invoke() - CORE\src\Http\Runner.php, line 65
Cake\Http\Runner::run() - CORE\src\Http\Runner.php, line 51
Cake\Http\Server::run() - CORE\src\Http\Server.php, line 98
[main] - ROOT\webroot\index.php, line 40



